<?xml version="1.0" encoding="UTF-8"?>
<!-- Generated by org.testng.reporters.JUnitXMLReporter -->
<testsuite hostname="IBM-2CWTPM3" ignored="0" name="Default test" tests="7" failures="0" timestamp="04 Jul 2022 10:25:29 GMT" time="11.163" errors="0">
  <testcase name="user" time="2.7" classname="ibm.petstore.pet"/>
  <testcase name="user" time="1.321" classname="ibm.petstore.pet"/>
  <testcase name="sectest" time="1.382" classname="ibm.petstore.pet"/>
  <testcase name="LoginUser" time="1.49" classname="ibm.petstore.pet"/>
  <testcase name="LoginUser" time="1.436" classname="ibm.petstore.pet"/>
  <testcase name="modify" time="1.445" classname="ibm.petstore.pet"/>
  <testcase name="fifth" time="1.364" classname="ibm.petstore.pet"/>
</testsuite> <!-- Default test -->
