<?xml version="1.0" encoding="UTF-8"?>
<!-- Generated by org.testng.reporters.JUnitXMLReporter -->
<testsuite hostname="IBM-2CWTPM3" ignored="4" name="Test" tests="1" failures="1" timestamp="04 Jul 2022 04:26:41 GMT" time="0.028" errors="0">
  <testcase name="user" time="0.0" classname="ibm.petstore.AppTest">
    <failure type="org.testng.TestNGException" message="
Cannot inject @Test annotated Method [user] with [class java.lang.String, class java.lang.String, class java.lang.String, class java.lang.String, class java.lang.String, class java.lang.String, class java.lang.String, class java.lang.String].
For more information on native dependency injection please refer to http://testng.org/doc/documentation-main.html#native-dependency-injection">
      <![CDATA[org.testng.TestNGException: 
Cannot inject @Test annotated Method [user] with [class java.lang.String, class java.lang.String, class java.lang.String, class java.lang.String, class java.lang.String, class java.lang.String, class java.lang.String, class java.lang.String].
For more information on native dependency injection please refer to http://testng.org/doc/documentation-main.html#native-dependency-injection
... Removed 24 stack frames]]>
    </failure>
  </testcase> <!-- user -->
  <testcase name="modify" time="0.0" classname="ibm.petstore.AppTest">
    <ignored/>
  </testcase> <!-- modify -->
  <testcase name="third" time="0.0" classname="ibm.petstore.AppTest">
    <ignored/>
  </testcase> <!-- third -->
  <testcase name="fifth" time="0.0" classname="ibm.petstore.AppTest">
    <ignored/>
  </testcase> <!-- fifth -->
  <testcase name="sectest" time="0.0" classname="ibm.petstore.AppTest">
    <ignored/>
  </testcase> <!-- sectest -->
</testsuite> <!-- Test -->
