<?xml version="1.0" encoding="UTF-8"?>
<testng-results skipped="0" failed="0" ignored="0" total="7" passed="7">
  <reporter-output>
  </reporter-output>
  <suite name="Default suite" duration-ms="11163" started-at="2022-07-04T10:25:18Z" finished-at="2022-07-04T10:25:29Z">
    <groups>
    </groups>
    <test name="Default test" duration-ms="11163" started-at="2022-07-04T10:25:18Z" finished-at="2022-07-04T10:25:29Z">
      <class name="ibm.petstore.pet">
        <test-method status="PASS" signature="user(java.lang.String, java.lang.String, java.lang.String, java.lang.String, java.lang.String, java.lang.String, java.lang.String)[pri:1, instance:ibm.petstore.pet@7f9a81e8]" name="user" duration-ms="2700" started-at="2022-07-04T15:55:18Z" data-provider="testdata" finished-at="2022-07-04T15:55:21Z">
          <params>
            <param index="0">
              <value>
                <![CDATA[mohisin07]]>
              </value>
            </param>
            <param index="1">
              <value>
                <![CDATA[sayyad]]>
              </value>
            </param>
            <param index="2">
              <value>
                <![CDATA[Mohisin]]>
              </value>
            </param>
            <param index="3">
              <value>
                <![CDATA[mm@m.com]]>
              </value>
            </param>
            <param index="4">
              <value>
                <![CDATA[123456789]]>
              </value>
            </param>
            <param index="5">
              <value>
                <![CDATA[8977996443]]>
              </value>
            </param>
            <param index="6">
              <value>
                <![CDATA[2]]>
              </value>
            </param>
          </params>
          <reporter-output>
          </reporter-output>
        </test-method> <!-- user -->
        <test-method status="PASS" signature="user(java.lang.String, java.lang.String, java.lang.String, java.lang.String, java.lang.String, java.lang.String, java.lang.String)[pri:1, instance:ibm.petstore.pet@7f9a81e8]" name="user" duration-ms="1321" started-at="2022-07-04T15:55:21Z" data-provider="testdata" finished-at="2022-07-04T15:55:22Z">
          <params>
            <param index="0">
              <value>
                <![CDATA[fareed08]]>
              </value>
            </param>
            <param index="1">
              <value>
                <![CDATA[Shaik]]>
              </value>
            </param>
            <param index="2">
              <value>
                <![CDATA[Fareed]]>
              </value>
            </param>
            <param index="3">
              <value>
                <![CDATA[ff@m.com]]>
              </value>
            </param>
            <param index="4">
              <value>
                <![CDATA[1234321]]>
              </value>
            </param>
            <param index="5">
              <value>
                <![CDATA[8976357944]]>
              </value>
            </param>
            <param index="6">
              <value>
                <![CDATA[3]]>
              </value>
            </param>
          </params>
          <reporter-output>
          </reporter-output>
        </test-method> <!-- user -->
        <test-method status="PASS" signature="sectest()[pri:2, instance:ibm.petstore.pet@7f9a81e8]" name="sectest" duration-ms="1382" started-at="2022-07-04T15:55:22Z" finished-at="2022-07-04T15:55:23Z">
          <reporter-output>
          </reporter-output>
        </test-method> <!-- sectest -->
        <test-method status="PASS" signature="LoginUser(java.lang.String, java.lang.String, java.lang.String, java.lang.String, java.lang.String, java.lang.String, java.lang.String)[pri:3, instance:ibm.petstore.pet@7f9a81e8]" name="LoginUser" duration-ms="1490" started-at="2022-07-04T15:55:23Z" data-provider="testdata" finished-at="2022-07-04T15:55:25Z">
          <params>
            <param index="0">
              <value>
                <![CDATA[mohisin07]]>
              </value>
            </param>
            <param index="1">
              <value>
                <![CDATA[sayyad]]>
              </value>
            </param>
            <param index="2">
              <value>
                <![CDATA[Mohisin]]>
              </value>
            </param>
            <param index="3">
              <value>
                <![CDATA[mm@m.com]]>
              </value>
            </param>
            <param index="4">
              <value>
                <![CDATA[123456789]]>
              </value>
            </param>
            <param index="5">
              <value>
                <![CDATA[8977996443]]>
              </value>
            </param>
            <param index="6">
              <value>
                <![CDATA[2]]>
              </value>
            </param>
          </params>
          <reporter-output>
          </reporter-output>
        </test-method> <!-- LoginUser -->
        <test-method status="PASS" signature="LoginUser(java.lang.String, java.lang.String, java.lang.String, java.lang.String, java.lang.String, java.lang.String, java.lang.String)[pri:3, instance:ibm.petstore.pet@7f9a81e8]" name="LoginUser" duration-ms="1436" started-at="2022-07-04T15:55:25Z" data-provider="testdata" finished-at="2022-07-04T15:55:26Z">
          <params>
            <param index="0">
              <value>
                <![CDATA[fareed08]]>
              </value>
            </param>
            <param index="1">
              <value>
                <![CDATA[Shaik]]>
              </value>
            </param>
            <param index="2">
              <value>
                <![CDATA[Fareed]]>
              </value>
            </param>
            <param index="3">
              <value>
                <![CDATA[ff@m.com]]>
              </value>
            </param>
            <param index="4">
              <value>
                <![CDATA[1234321]]>
              </value>
            </param>
            <param index="5">
              <value>
                <![CDATA[8976357944]]>
              </value>
            </param>
            <param index="6">
              <value>
                <![CDATA[3]]>
              </value>
            </param>
          </params>
          <reporter-output>
          </reporter-output>
        </test-method> <!-- LoginUser -->
        <test-method status="PASS" signature="modify()[pri:4, instance:ibm.petstore.pet@7f9a81e8]" name="modify" duration-ms="1445" started-at="2022-07-04T15:55:26Z" finished-at="2022-07-04T15:55:28Z">
          <reporter-output>
          </reporter-output>
        </test-method> <!-- modify -->
        <test-method status="PASS" signature="fifth()[pri:5, instance:ibm.petstore.pet@7f9a81e8]" name="fifth" duration-ms="1364" started-at="2022-07-04T15:55:28Z" finished-at="2022-07-04T15:55:29Z">
          <reporter-output>
          </reporter-output>
        </test-method> <!-- fifth -->
      </class> <!-- ibm.petstore.pet -->
    </test> <!-- Default test -->
  </suite> <!-- Default suite -->
</testng-results>
